2024-04-26 18:35:37 INFO translate - <module>: translating examples from java to python using codeqwen and avatar dataset
2024-04-26 18:36:07 INFO translate - <module>: translating examples from java to python using codeqwen and avatar dataset
2024-04-26 18:41:14 INFO translate - <module>: translating examples from java to python using codeqwen and codenet dataset
2024-04-26 18:43:20 INFO translate - <module>: translating examples from java to python using codeqwen and codenet dataset
2024-04-26 21:03:42 INFO translate - <module>: translating examples from python to java using codeqwen and codenet dataset
2024-04-26 23:38:05 INFO translate - <module>: translating examples from java to python using codeqwen and avatar dataset
2024-04-26 23:48:11 INFO translate - <module>: translating examples from python to java using codeqwen and avatar dataset
2024-04-27 10:43:20 INFO translate - <module>: translating examples from java to python using codeqwen and codenet dataset
2024-04-27 13:08:19 INFO translate - <module>: translating examples from python to java using codeqwen and codenet dataset
2024-04-27 15:43:51 INFO translate - <module>: translating examples from java to python using codeqwen and avatar dataset
2024-04-27 15:58:41 INFO translate - <module>: translating examples from python to java using codeqwen and avatar dataset
2024-04-28 10:47:08 INFO translate - <module>: translating examples from java to python using codeqwen and codenet dataset
2024-04-28 10:48:11 INFO translate - <module>: translating examples from java to python using codeqwen and codenet dataset
2024-04-28 13:08:36 INFO translate - <module>: translating examples from python to java using codeqwen and codenet dataset
2024-04-28 15:43:00 INFO translate - <module>: translating examples from java to python using codeqwen and avatar dataset
2024-04-28 15:57:15 INFO translate - <module>: translating examples from python to java using codeqwen and avatar dataset
2024-05-16 09:21:15 INFO translate - <module>: translating examples from java to python using granite and codenet dataset
2024-05-16 09:29:03 INFO translate - <module>: translating examples from java to python using granite and codenet dataset
2024-05-16 09:30:49 INFO translate - <module>: translating examples from java to python using granite and codenet dataset
2024-05-16 09:32:25 INFO translate - <module>: translating examples from java to python using granite and codenet dataset
2024-05-16 09:34:41 INFO translate - <module>: translating examples from java to python using granite and codenet dataset
2024-05-16 13:40:51 INFO translate - <module>: translating examples from python to java using granite and codenet dataset
2024-05-16 16:31:15 INFO translate - <module>: translating examples from java to python using granite and avatar dataset
2024-05-16 16:40:13 INFO translate - <module>: translating examples from python to java using granite and avatar dataset
2024-05-16 16:53:20 INFO translate - <module>: translating examples from java to python using granite and codenet dataset
2024-05-16 21:01:49 INFO translate - <module>: translating examples from python to java using granite and codenet dataset
2024-05-16 23:58:45 INFO translate - <module>: translating examples from java to python using granite and avatar dataset
2024-05-17 00:22:20 INFO translate - <module>: translating examples from python to java using granite and avatar dataset
2024-05-17 00:40:07 INFO translate - <module>: translating examples from java to python using granite and codenet dataset
2024-05-17 04:50:53 INFO translate - <module>: translating examples from python to java using granite and codenet dataset
2024-05-17 07:42:52 INFO translate - <module>: translating examples from java to python using granite and avatar dataset
2024-05-17 08:00:55 INFO translate - <module>: translating examples from python to java using granite and avatar dataset
